<?xml version="1.0" encoding="UTF-8"?>
<testng-results ignored="0" total="11" passed="11" failed="0" skipped="0">
  <reporter-output>
    <line>
      <![CDATA[Log: INFO Settingup driver]]>
    </line>
    <line>
      <![CDATA[Log: INFO Closing driver]]>
    </line>
    <line>
      <![CDATA[Log: INFO Settingup driver]]>
    </line>
    <line>
      <![CDATA[Log INFO: Email Generated is-------test23_26_41_01_2025@eamil.com]]>
    </line>
    <line>
      <![CDATA[Log: INFO Closing driver]]>
    </line>
  </reporter-output>
  <suite started-at="2025-01-23T23:26:24 GMT" name="All Test Suite" finished-at="2025-01-23T23:26:44 GMT" duration-ms="19607">
    <groups>
    </groups>
    <test started-at="2025-01-23T23:26:24 GMT" name="/Users/muhammadqaiser/Documents/Automation Stuff/IntelliJ IDEA/openCartProject/Opencart/src/main/java/Tests/RegisterNewUserPageFieldCheck.java" finished-at="2025-01-23T23:26:44 GMT" duration-ms="19607">
      <class name="Tests.RegisterNewUserTest">
        <test-method is-config="true" signature="setDriver()[pri:0, instance:Tests.RegisterNewUserTest@359f7cdf]" started-at="2025-01-23T23:26:33 GMT" name="setDriver" finished-at="2025-01-23T23:26:39 GMT" duration-ms="5942" status="PASS">
          <reporter-output>
            <line>
              <![CDATA[Log: INFO Settingup driver]]>
            </line>
          </reporter-output>
        </test-method> <!-- setDriver -->
        <test-method signature="navigateToNewUserPage()[pri:1, instance:Tests.RegisterNewUserTest@359f7cdf]" started-at="2025-01-23T23:26:39 GMT" name="navigateToNewUserPage" finished-at="2025-01-23T23:26:41 GMT" duration-ms="1296" status="PASS">
          <reporter-output>
          </reporter-output>
        </test-method> <!-- navigateToNewUserPage -->
        <test-method signature="registerNewUser()[pri:2, instance:Tests.RegisterNewUserTest@359f7cdf]" started-at="2025-01-23T23:26:41 GMT" name="registerNewUser" finished-at="2025-01-23T23:26:42 GMT" duration-ms="1678" status="PASS">
          <reporter-output>
            <line>
              <![CDATA[Log INFO: Email Generated is-------test23_26_41_01_2025@eamil.com]]>
            </line>
          </reporter-output>
        </test-method> <!-- registerNewUser -->
        <test-method signature="verifyAccountCreatedText()[pri:3, instance:Tests.RegisterNewUserTest@359f7cdf]" started-at="2025-01-23T23:26:42 GMT" name="verifyAccountCreatedText" finished-at="2025-01-23T23:26:42 GMT" duration-ms="30" status="PASS">
          <reporter-output>
          </reporter-output>
        </test-method> <!-- verifyAccountCreatedText -->
        <test-method signature="verifyCongratulationsText()[pri:4, instance:Tests.RegisterNewUserTest@359f7cdf]" started-at="2025-01-23T23:26:42 GMT" name="verifyCongratulationsText" finished-at="2025-01-23T23:26:42 GMT" duration-ms="26" status="PASS">
          <reporter-output>
          </reporter-output>
        </test-method> <!-- verifyCongratulationsText -->
        <test-method signature="verifyAdvantageText()[pri:5, instance:Tests.RegisterNewUserTest@359f7cdf]" started-at="2025-01-23T23:26:42 GMT" name="verifyAdvantageText" finished-at="2025-01-23T23:26:42 GMT" duration-ms="25" status="PASS">
          <reporter-output>
          </reporter-output>
        </test-method> <!-- verifyAdvantageText -->
        <test-method signature="verifyAnyQuestionText()[pri:6, instance:Tests.RegisterNewUserTest@359f7cdf]" started-at="2025-01-23T23:26:42 GMT" name="verifyAnyQuestionText" finished-at="2025-01-23T23:26:42 GMT" duration-ms="25" status="PASS">
          <reporter-output>
          </reporter-output>
        </test-method> <!-- verifyAnyQuestionText -->
        <test-method signature="verifyConfermationHasBeenSentText()[pri:7, instance:Tests.RegisterNewUserTest@359f7cdf]" started-at="2025-01-23T23:26:42 GMT" name="verifyConfermationHasBeenSentText" finished-at="2025-01-23T23:26:42 GMT" duration-ms="27" status="PASS">
          <reporter-output>
          </reporter-output>
        </test-method> <!-- verifyConfermationHasBeenSentText -->
        <test-method signature="checkContinueButtonDisplays()[pri:8, instance:Tests.RegisterNewUserTest@359f7cdf]" started-at="2025-01-23T23:26:42 GMT" name="checkContinueButtonDisplays" finished-at="2025-01-23T23:26:42 GMT" duration-ms="27" status="PASS">
          <reporter-output>
          </reporter-output>
        </test-method> <!-- checkContinueButtonDisplays -->
        <test-method signature="clickOnContinueButton()[pri:9, instance:Tests.RegisterNewUserTest@359f7cdf]" started-at="2025-01-23T23:26:42 GMT" name="clickOnContinueButton" finished-at="2025-01-23T23:26:43 GMT" duration-ms="405" status="PASS">
          <reporter-output>
          </reporter-output>
        </test-method> <!-- clickOnContinueButton -->
        <test-method is-config="true" signature="driverTearDown()[pri:0, instance:Tests.RegisterNewUserTest@359f7cdf]" started-at="2025-01-23T23:26:43 GMT" name="driverTearDown" finished-at="2025-01-23T23:26:44 GMT" duration-ms="908" status="FAIL">
          <exception class="org.openqa.selenium.NoSuchSessionException">
            <message>
              <![CDATA[Tried to run command without establishing a connection
Build info: version: '4.28.0', revision: 'ac342546e9'
System info: os.name: 'Mac OS X', os.arch: 'x86_64', os.version: '13.7.2', java.version: '23.0.1'
Driver info: org.openqa.selenium.firefox.FirefoxDriver
Command: [d8ababf7-d968-4fe7-9f7d-91e9adb03ca1, quit {}]
Capabilities {acceptInsecureCerts: true, browserName: firefox, browserVersion: 134.0.2, moz:accessibilityChecks: false, moz:buildID: 20250120135430, moz:debuggerAddress: 127.0.0.1:13383, moz:geckodriverVersion: 0.35.0, moz:headless: false, moz:platformVersion: 22.6.0, moz:processID: 7162, moz:profile: /var/folders/nm/dwtw1bdd5cz..., moz:shutdownTimeout: 60000, moz:webdriverClick: true, moz:windowless: false, pageLoadStrategy: normal, platformName: mac, proxy: Proxy(), se:cdp: ws://127.0.0.1:13383/devtoo..., se:cdpVersion: 85.0, setWindowRect: true, strictFileInteractability: false, timeouts: {implicit: 0, pageLoad: 300000, script: 30000}, unhandledPromptBehavior: dismiss and notify, userAgent: Mozilla/5.0 (Macintosh; Int...}
Session ID: d8ababf7-d968-4fe7-9f7d-91e9adb03ca1]]>
            </message>
            <full-stacktrace>
              <![CDATA[org.openqa.selenium.NoSuchSessionException: Tried to run command without establishing a connection
Build info: version: '4.28.0', revision: 'ac342546e9'
System info: os.name: 'Mac OS X', os.arch: 'x86_64', os.version: '13.7.2', java.version: '23.0.1'
Driver info: org.openqa.selenium.firefox.FirefoxDriver
Command: [d8ababf7-d968-4fe7-9f7d-91e9adb03ca1, quit {}]
Capabilities {acceptInsecureCerts: true, browserName: firefox, browserVersion: 134.0.2, moz:accessibilityChecks: false, moz:buildID: 20250120135430, moz:debuggerAddress: 127.0.0.1:13383, moz:geckodriverVersion: 0.35.0, moz:headless: false, moz:platformVersion: 22.6.0, moz:processID: 7162, moz:profile: /var/folders/nm/dwtw1bdd5cz..., moz:shutdownTimeout: 60000, moz:webdriverClick: true, moz:windowless: false, pageLoadStrategy: normal, platformName: mac, proxy: Proxy(), se:cdp: ws://127.0.0.1:13383/devtoo..., se:cdpVersion: 85.0, setWindowRect: true, strictFileInteractability: false, timeouts: {implicit: 0, pageLoad: 300000, script: 30000}, unhandledPromptBehavior: dismiss and notify, userAgent: Mozilla/5.0 (Macintosh; Int...}
Session ID: d8ababf7-d968-4fe7-9f7d-91e9adb03ca1
at java.base/jdk.internal.reflect.DirectConstructorHandleAccessor.newInstance(DirectConstructorHandleAccessor.java:62)
at java.base/java.lang.reflect.Constructor.newInstanceWithCaller(Constructor.java:501)
at java.base/java.lang.reflect.Constructor.newInstance(Constructor.java:485)
at org.openqa.selenium.remote.ErrorCodec.decode(ErrorCodec.java:167)
at org.openqa.selenium.remote.codec.w3c.W3CHttpResponseCodec.decode(W3CHttpResponseCodec.java:138)
at org.openqa.selenium.remote.codec.w3c.W3CHttpResponseCodec.decode(W3CHttpResponseCodec.java:50)
at org.openqa.selenium.remote.HttpCommandExecutor.execute(HttpCommandExecutor.java:215)
at org.openqa.selenium.remote.service.DriverCommandExecutor.invokeExecute(DriverCommandExecutor.java:216)
at org.openqa.selenium.remote.service.DriverCommandExecutor.lambda$execute$1(DriverCommandExecutor.java:126)
at java.base/java.util.concurrent.CompletableFuture$AsyncSupply.run(CompletableFuture.java:1812)
at java.base/java.util.concurrent.ThreadPoolExecutor.runWorker(ThreadPoolExecutor.java:1144)
at java.base/java.util.concurrent.ThreadPoolExecutor$Worker.run(ThreadPoolExecutor.java:642)
at java.base/java.lang.Thread.run(Thread.java:1575)
]]>
            </full-stacktrace>
          </exception> <!-- org.openqa.selenium.NoSuchSessionException -->
          <reporter-output>
            <line>
              <![CDATA[Log: INFO Closing driver]]>
            </line>
          </reporter-output>
        </test-method> <!-- driverTearDown -->
      </class> <!-- Tests.RegisterNewUserTest -->
      <class name="Tests.LoginTest">
        <test-method is-config="true" signature="setDriver()[pri:0, instance:Tests.LoginTest@694abbdc]" started-at="2025-01-23T23:26:24 GMT" name="setDriver" finished-at="2025-01-23T23:26:31 GMT" duration-ms="6542" status="PASS">
          <reporter-output>
            <line>
              <![CDATA[Log: INFO Settingup driver]]>
            </line>
          </reporter-output>
        </test-method> <!-- setDriver -->
        <test-method signature="navigateToLogin()[pri:0, instance:Tests.LoginTest@694abbdc]" started-at="2025-01-23T23:26:31 GMT" name="navigateToLogin" finished-at="2025-01-23T23:26:31 GMT" duration-ms="650" status="PASS">
          <reporter-output>
          </reporter-output>
        </test-method> <!-- navigateToLogin -->
        <test-method signature="ValidLoginToApp()[pri:1, instance:Tests.LoginTest@694abbdc]" started-at="2025-01-23T23:26:31 GMT" name="ValidLoginToApp" finished-at="2025-01-23T23:26:32 GMT" duration-ms="1033" status="PASS">
          <reporter-output>
          </reporter-output>
        </test-method> <!-- ValidLoginToApp -->
        <test-method is-config="true" signature="driverTearDown()[pri:0, instance:Tests.LoginTest@694abbdc]" started-at="2025-01-23T23:26:32 GMT" name="driverTearDown" finished-at="2025-01-23T23:26:33 GMT" duration-ms="938" status="FAIL">
          <exception class="org.openqa.selenium.NoSuchSessionException">
            <message>
              <![CDATA[Tried to run command without establishing a connection
Build info: version: '4.28.0', revision: 'ac342546e9'
System info: os.name: 'Mac OS X', os.arch: 'x86_64', os.version: '13.7.2', java.version: '23.0.1'
Driver info: org.openqa.selenium.firefox.FirefoxDriver
Command: [41b069a6-e0c9-4c99-a763-339c73f5cb24, quit {}]
Capabilities {acceptInsecureCerts: true, browserName: firefox, browserVersion: 134.0.2, moz:accessibilityChecks: false, moz:buildID: 20250120135430, moz:debuggerAddress: 127.0.0.1:32977, moz:geckodriverVersion: 0.35.0, moz:headless: false, moz:platformVersion: 22.6.0, moz:processID: 7123, moz:profile: /var/folders/nm/dwtw1bdd5cz..., moz:shutdownTimeout: 60000, moz:webdriverClick: true, moz:windowless: false, pageLoadStrategy: normal, platformName: mac, proxy: Proxy(), se:cdp: ws://127.0.0.1:32977/devtoo..., se:cdpVersion: 85.0, setWindowRect: true, strictFileInteractability: false, timeouts: {implicit: 0, pageLoad: 300000, script: 30000}, unhandledPromptBehavior: dismiss and notify, userAgent: Mozilla/5.0 (Macintosh; Int...}
Session ID: 41b069a6-e0c9-4c99-a763-339c73f5cb24]]>
            </message>
            <full-stacktrace>
              <![CDATA[org.openqa.selenium.NoSuchSessionException: Tried to run command without establishing a connection
Build info: version: '4.28.0', revision: 'ac342546e9'
System info: os.name: 'Mac OS X', os.arch: 'x86_64', os.version: '13.7.2', java.version: '23.0.1'
Driver info: org.openqa.selenium.firefox.FirefoxDriver
Command: [41b069a6-e0c9-4c99-a763-339c73f5cb24, quit {}]
Capabilities {acceptInsecureCerts: true, browserName: firefox, browserVersion: 134.0.2, moz:accessibilityChecks: false, moz:buildID: 20250120135430, moz:debuggerAddress: 127.0.0.1:32977, moz:geckodriverVersion: 0.35.0, moz:headless: false, moz:platformVersion: 22.6.0, moz:processID: 7123, moz:profile: /var/folders/nm/dwtw1bdd5cz..., moz:shutdownTimeout: 60000, moz:webdriverClick: true, moz:windowless: false, pageLoadStrategy: normal, platformName: mac, proxy: Proxy(), se:cdp: ws://127.0.0.1:32977/devtoo..., se:cdpVersion: 85.0, setWindowRect: true, strictFileInteractability: false, timeouts: {implicit: 0, pageLoad: 300000, script: 30000}, unhandledPromptBehavior: dismiss and notify, userAgent: Mozilla/5.0 (Macintosh; Int...}
Session ID: 41b069a6-e0c9-4c99-a763-339c73f5cb24
at java.base/jdk.internal.reflect.DirectConstructorHandleAccessor.newInstance(DirectConstructorHandleAccessor.java:62)
at java.base/java.lang.reflect.Constructor.newInstanceWithCaller(Constructor.java:501)
at java.base/java.lang.reflect.Constructor.newInstance(Constructor.java:485)
at org.openqa.selenium.remote.ErrorCodec.decode(ErrorCodec.java:167)
at org.openqa.selenium.remote.codec.w3c.W3CHttpResponseCodec.decode(W3CHttpResponseCodec.java:138)
at org.openqa.selenium.remote.codec.w3c.W3CHttpResponseCodec.decode(W3CHttpResponseCodec.java:50)
at org.openqa.selenium.remote.HttpCommandExecutor.execute(HttpCommandExecutor.java:215)
at org.openqa.selenium.remote.service.DriverCommandExecutor.invokeExecute(DriverCommandExecutor.java:216)
at org.openqa.selenium.remote.service.DriverCommandExecutor.lambda$execute$1(DriverCommandExecutor.java:126)
at java.base/java.util.concurrent.CompletableFuture$AsyncSupply.run(CompletableFuture.java:1812)
at java.base/java.util.concurrent.ThreadPoolExecutor.runWorker(ThreadPoolExecutor.java:1144)
at java.base/java.util.concurrent.ThreadPoolExecutor$Worker.run(ThreadPoolExecutor.java:642)
at java.base/java.lang.Thread.run(Thread.java:1575)
]]>
            </full-stacktrace>
          </exception> <!-- org.openqa.selenium.NoSuchSessionException -->
          <reporter-output>
            <line>
              <![CDATA[Log: INFO Closing driver]]>
            </line>
          </reporter-output>
        </test-method> <!-- driverTearDown -->
      </class> <!-- Tests.LoginTest -->
    </test> <!-- /Users/muhammadqaiser/Documents/Automation Stuff/IntelliJ IDEA/openCartProject/Opencart/src/main/java/Tests/RegisterNewUserPageFieldCheck.java -->
  </suite> <!-- All Test Suite -->
</testng-results>
